<html>
<body>
<pre>
<h1>Vision Build Log</h1>
<h2>Project:</h2>
D:\新建文件夹\test.uvproj
Project File Date:  03/17/2019

<h2>Output:</h2>
Build target 'Target 1'
assembling STARTUP.A51...
linking...
*** WARNING L1: UNRESOLVED EXTERNAL SYMBOL
    SYMBOL:  ?C_START
    MODULE:  STARTUP.obj (?C_STARTUP)
*** WARNING L2: REFERENCE MADE TO UNRESOLVED EXTERNAL
    SYMBOL:  ?C_START
    MODULE:  STARTUP.obj (?C_STARTUP)
    ADDRESS: 080AH
Program Size: data=9.0 xdata=0 code=15
"test" - 0 Error(s), 2 Warning(s).
Build target 'Target 1'
assembling STARTUP.A51...
linking...
*** WARNING L1: UNRESOLVED EXTERNAL SYMBOL
    SYMBOL:  ?C_START
    MODULE:  STARTUP.obj (?C_STARTUP)
*** WARNING L2: REFERENCE MADE TO UNRESOLVED EXTERNAL
    SYMBOL:  ?C_START
    MODULE:  STARTUP.obj (?C_STARTUP)
    ADDRESS: 080AH
Program Size: data=9.0 xdata=0 code=15
"test" - 0 Error(s), 2 Warning(s).
Build target 'Target 1'
assembling STARTUP.A51...
linking...
*** WARNING L1: UNRESOLVED EXTERNAL SYMBOL
    SYMBOL:  ?C_START
    MODULE:  STARTUP.obj (?C_STARTUP)
*** WARNING L2: REFERENCE MADE TO UNRESOLVED EXTERNAL
    SYMBOL:  ?C_START
    MODULE:  STARTUP.obj (?C_STARTUP)
    ADDRESS: 080AH
Program Size: data=9.0 xdata=0 code=15
"test" - 0 Error(s), 2 Warning(s).
Build target 'Target 1'
assembling STARTUP.A51...
linking...
*** WARNING L1: UNRESOLVED EXTERNAL SYMBOL
    SYMBOL:  ?C_START
    MODULE:  STARTUP.obj (?C_STARTUP)
*** WARNING L2: REFERENCE MADE TO UNRESOLVED EXTERNAL
    SYMBOL:  ?C_START
    MODULE:  STARTUP.obj (?C_STARTUP)
    ADDRESS: 080AH
Program Size: data=9.0 xdata=0 code=15
"test" - 0 Error(s), 2 Warning(s).
Build target 'Target 1'
assembling STARTUP.A51...
linking...
*** WARNING L1: UNRESOLVED EXTERNAL SYMBOL
    SYMBOL:  ?C_START
    MODULE:  STARTUP.obj (?C_STARTUP)
*** WARNING L2: REFERENCE MADE TO UNRESOLVED EXTERNAL
    SYMBOL:  ?C_START
    MODULE:  STARTUP.obj (?C_STARTUP)
    ADDRESS: 080AH
Program Size: data=9.0 xdata=0 code=15
"test" - 0 Error(s), 2 Warning(s).
Build target 'Target 1'
assembling STARTUP.A51...
linking...
*** WARNING L1: UNRESOLVED EXTERNAL SYMBOL
    SYMBOL:  ?C_START
    MODULE:  STARTUP.obj (?C_STARTUP)
*** WARNING L2: REFERENCE MADE TO UNRESOLVED EXTERNAL
    SYMBOL:  ?C_START
    MODULE:  STARTUP.obj (?C_STARTUP)
    ADDRESS: 080AH
Program Size: data=9.0 xdata=0 code=15
"test" - 0 Error(s), 2 Warning(s).
Build target 'Target 1'
assembling STARTUP.A51...
linking...
*** WARNING L1: UNRESOLVED EXTERNAL SYMBOL
    SYMBOL:  ?C_START
    MODULE:  STARTUP.obj (?C_STARTUP)
*** WARNING L2: REFERENCE MADE TO UNRESOLVED EXTERNAL
    SYMBOL:  ?C_START
    MODULE:  STARTUP.obj (?C_STARTUP)
    ADDRESS: 080AH
Program Size: data=9.0 xdata=0 code=15
"test" - 0 Error(s), 2 Warning(s).
Build target 'Target 1'
assembling STARTUP.A51...
linking...
*** WARNING L1: UNRESOLVED EXTERNAL SYMBOL
    SYMBOL:  ?C_START
    MODULE:  STARTUP.obj (?C_STARTUP)
*** WARNING L2: REFERENCE MADE TO UNRESOLVED EXTERNAL
    SYMBOL:  ?C_START
    MODULE:  STARTUP.obj (?C_STARTUP)
    ADDRESS: 080AH
Program Size: data=9.0 xdata=0 code=15
"test" - 0 Error(s), 2 Warning(s).
Build target 'Target 1'
assembling STARTUP.A51...
linking...
*** WARNING L1: UNRESOLVED EXTERNAL SYMBOL
    SYMBOL:  ?C_START
    MODULE:  STARTUP.obj (?C_STARTUP)
*** WARNING L2: REFERENCE MADE TO UNRESOLVED EXTERNAL
    SYMBOL:  ?C_START
    MODULE:  STARTUP.obj (?C_STARTUP)
    ADDRESS: 080AH
Program Size: data=9.0 xdata=0 code=15
"test" - 0 Error(s), 2 Warning(s).
Build target 'Target 1'
assembling STARTUP.A51...
compiling test.c...
TEST.C(5): error C141: syntax error near 'unsigned'
Target not created
Build target 'Target 1'
assembling STARTUP.A51...
compiling test.c...
linking...
Program Size: data=19.0 xdata=0 code=333
"test" - 0 Error(s), 0 Warning(s).
Build target 'Target 1'
assembling STARTUP.A51...
compiling test.c...
linking...
Program Size: data=19.0 xdata=0 code=333
creating hex file from "test"...
"test" - 0 Error(s), 0 Warning(s).
Build target 'Target 1'
assembling STARTUP.A51...
compiling test.c...
compiling iic.c...
linking...
*** WARNING L16: UNCALLED SEGMENT, IGNORED FOR OVERLAY PROCESS
    SEGMENT: ?PR?IIC_START?IIC
*** WARNING L16: UNCALLED SEGMENT, IGNORED FOR OVERLAY PROCESS
    SEGMENT: ?PR?IIC_STOP?IIC
*** WARNING L16: UNCALLED SEGMENT, IGNORED FOR OVERLAY PROCESS
    SEGMENT: ?PR?IIC_SENDACK?IIC
*** WARNING L16: UNCALLED SEGMENT, IGNORED FOR OVERLAY PROCESS
    SEGMENT: ?PR?IIC_WAITACK?IIC
*** WARNING L16: UNCALLED SEGMENT, IGNORED FOR OVERLAY PROCESS
    SEGMENT: ?PR?_IIC_SENDBYTE?IIC
*** WARNING L16: UNCALLED SEGMENT, IGNORED FOR OVERLAY PROCESS
    SEGMENT: ?PR?IIC_RECBYTE?IIC
Program Size: data=19.2 xdata=0 code=485
creating hex file from "test"...
"test" - 0 Error(s), 6 Warning(s).
Build target 'Target 1'
assembling STARTUP.A51...
compiling test.c...
TEST.C(48): warning C206: 'IIC_Start': missing function-prototype
TEST.C(49): warning C206: 'IIC_SendByte': missing function-prototype
TEST.C(49): error C267: 'IIC_SendByte': requires ANSI-style prototype
compiling iic.c...
Target not created
Build target 'Target 1'
assembling STARTUP.A51...
compiling test.c...
IIC.H(1): error C100: unprintable character 0xEF skipped
IIC.H(1): error C100: unprintable character 0xBB skipped
IIC.H(1): error C100: unprintable character 0xBF skipped
IIC.H(1): error C141: syntax error near '#'
IIC.H(1): error C129: missing ';' before '_IIC_H'
iic.h(11): warning C312: misplaced endif control
compiling iic.c...
Target not created
Build target 'Target 1'
assembling STARTUP.A51...
compiling test.c...
IIC.H(1): error C100: unprintable character 0xEF skipped
IIC.H(1): error C100: unprintable character 0xBB skipped
IIC.H(1): error C100: unprintable character 0xBF skipped
IIC.H(1): error C141: syntax error near '#'
IIC.H(1): error C129: missing ';' before '_IIC_H'
iic.h(11): warning C312: misplaced endif control
compiling iic.c...
Target not created
Build target 'Target 1'
assembling STARTUP.A51...
compiling test.c...
IIC.H(1): error C100: unprintable character 0xEF skipped
IIC.H(1): error C100: unprintable character 0xBB skipped
IIC.H(1): error C100: unprintable character 0xBF skipped
IIC.H(1): error C141: syntax error near '#'
IIC.H(1): error C129: missing ';' before '_IIC_H'
iic.h(11): warning C312: misplaced endif control
compiling iic.c...
Target not created
Build target 'Target 1'
assembling STARTUP.A51...
compiling test.c...
IIC.H(1): error C100: unprintable character 0xEF skipped
IIC.H(1): error C100: unprintable character 0xBB skipped
IIC.H(1): error C100: unprintable character 0xBF skipped
IIC.H(1): error C141: syntax error near '#'
IIC.H(1): error C129: missing ';' before '_IIC_H'
iic.h(11): warning C312: misplaced endif control
compiling iic.c...
Target not created
Build target 'Target 1'
assembling STARTUP.A51...
compiling test.c...
IIC.H(1): error C100: unprintable character 0xEF skipped
IIC.H(1): error C100: unprintable character 0xBB skipped
IIC.H(1): error C100: unprintable character 0xBF skipped
IIC.H(1): error C141: syntax error near '#'
IIC.H(1): error C129: missing ';' before '_IIC_H'
iic.h(11): warning C312: misplaced endif control
compiling iic.c...
Target not created
Build target 'Target 1'
assembling STARTUP.A51...
compiling test.c...
IIC.H(1): error C100: unprintable character 0xEF skipped
IIC.H(1): error C100: unprintable character 0xBB skipped
IIC.H(1): error C100: unprintable character 0xBF skipped
IIC.H(1): error C141: syntax error near '#'
IIC.H(1): error C129: missing ';' before '_IIC_H'
iic.h(11): warning C312: misplaced endif control
compiling iic.c...
Target not created
Build target 'Target 1'
assembling STARTUP.A51...
compiling test.c...
IIC.H(1): error C100: unprintable character 0xEF skipped
IIC.H(1): error C100: unprintable character 0xBB skipped
IIC.H(1): error C100: unprintable character 0xBF skipped
IIC.H(1): error C141: syntax error near '#'
IIC.H(1): error C129: missing ';' before '_IIC_H'
iic.h(11): warning C312: misplaced endif control
compiling iic.c...
Target not created
Build target 'Target 1'
assembling STARTUP.A51...
compiling test.c...
IIC.H(1): error C100: unprintable character 0xEF skipped
IIC.H(1): error C100: unprintable character 0xBB skipped
IIC.H(1): error C100: unprintable character 0xBF skipped
IIC.H(1): error C141: syntax error near '#'
IIC.H(1): error C129: missing ';' before '_IIC_H'
iic.h(11): warning C312: misplaced endif control
compiling iic.c...
Target not created
Build target 'Target 1'
assembling STARTUP.A51...
compiling test.c...
IIC.H(1): error C100: unprintable character 0xEF skipped
IIC.H(1): error C100: unprintable character 0xBB skipped
IIC.H(1): error C100: unprintable character 0xBF skipped
IIC.H(1): error C141: syntax error near '#'
IIC.H(1): error C129: missing ';' before '_IIC_H'
iic.h(11): warning C312: misplaced endif control
compiling iic.c...
Target not created
Build target 'Target 1'
assembling STARTUP.A51...
compiling test.c...
IIC.H(1): error C100: unprintable character 0xEF skipped
IIC.H(1): error C100: unprintable character 0xBB skipped
IIC.H(1): error C100: unprintable character 0xBF skipped
IIC.H(1): error C141: syntax error near '#'
IIC.H(1): error C129: missing ';' before '_IIC_H'
iic.h(11): warning C312: misplaced endif control
compiling iic.c...
Target not created
Build target 'Target 1'
assembling STARTUP.A51...
compiling test.c...
IIC.H(1): error C100: unprintable character 0xEF skipped
IIC.H(1): error C100: unprintable character 0xBB skipped
IIC.H(1): error C100: unprintable character 0xBF skipped
IIC.H(1): error C141: syntax error near '#'
IIC.H(1): error C129: missing ';' before '_IIC_H'
iic.h(11): warning C312: misplaced endif control
compiling iic.c...
Target not created
Build target 'Target 1'
assembling STARTUP.A51...
compiling test.c...
IIC.H(1): error C100: unprintable character 0xEF skipped
IIC.H(1): error C100: unprintable character 0xBB skipped
IIC.H(1): error C100: unprintable character 0xBF skipped
IIC.H(1): error C141: syntax error near '#'
IIC.H(1): error C129: missing ';' before '_IIC_H'
iic.h(11): warning C312: misplaced endif control
compiling iic.c...
Target not created
Build target 'Target 1'
assembling STARTUP.A51...
compiling test.c...
IIC.H(1): error C100: unprintable character 0xEF skipped
IIC.H(1): error C100: unprintable character 0xBB skipped
IIC.H(1): error C100: unprintable character 0xBF skipped
IIC.H(1): error C141: syntax error near '#'
IIC.H(1): error C129: missing ';' before '_IIC_H'
iic.h(11): warning C312: misplaced endif control
compiling iic.c...
Target not created
Build target 'Target 1'
assembling STARTUP.A51...
compiling test.c...
IIC.H(1): error C129: missing ';' before '_IIC_H'
iic.h(11): warning C312: misplaced endif control
compiling iic.c...
Target not created
Build target 'Target 1'
assembling STARTUP.A51...
compiling test.c...
IIC.H(1): error C129: missing ';' before '_IIC_H'
iic.h(11): warning C312: misplaced endif control
compiling iic.c...
Target not created
Build target 'Target 1'
assembling STARTUP.A51...
compiling test.c...
IIC.H(1): error C129: missing ';' before '_IIC_H'
iic.h(11): warning C312: misplaced endif control
compiling iic.c...
Target not created
Build target 'Target 1'
assembling STARTUP.A51...
compiling test.c...
IIC.H(1): error C129: missing ';' before '_IIC_H'
iic.h(11): warning C312: misplaced endif control
compiling iic.c...
Target not created
Build target 'Target 1'
assembling STARTUP.A51...
compiling test.c...
IIC.H(1): error C129: missing ';' before '_IIC_H'
iic.h(11): warning C312: misplaced endif control
compiling iic.c...
Target not created
Build target 'Target 1'
assembling STARTUP.A51...
compiling test.c...
IIC.H(1): error C129: missing ';' before '_IIC_H'
iic.h(11): warning C312: misplaced endif control
compiling iic.c...
Target not created
Build target 'Target 1'
assembling STARTUP.A51...
compiling test.c...
IIC.H(1): error C129: missing ';' before '_IIC_H'
iic.h(11): warning C312: misplaced endif control
compiling iic.c...
Target not created
Build target 'Target 1'
assembling STARTUP.A51...
compiling test.c...
IIC.H(1): error C129: missing ';' before '_IIC_H'
iic.h(11): warning C312: misplaced endif control
compiling iic.c...
Target not created
Build target 'Target 1'
assembling STARTUP.A51...
compiling test.c...
compiling iic.c...
linking...
Program Size: data=22.1 xdata=0 code=591
creating hex file from "test"...
"test" - 0 Error(s), 0 Warning(s).
Build target 'Target 1'
assembling STARTUP.A51...
compiling test.c...
compiling iic.c...
linking...
Program Size: data=22.1 xdata=0 code=591
creating hex file from "test"...
"test" - 0 Error(s), 0 Warning(s).
Build target 'Target 1'
assembling STARTUP.A51...
compiling test.c...
compiling iic.c...
linking...
Program Size: data=22.1 xdata=0 code=591
creating hex file from "test"...
"test" - 0 Error(s), 0 Warning(s).
Build target 'Target 1'
assembling STARTUP.A51...
compiling test.c...
compiling iic.c...
linking...
Program Size: data=22.1 xdata=0 code=591
creating hex file from "test"...
"test" - 0 Error(s), 0 Warning(s).
Build target 'Target 1'
assembling STARTUP.A51...
compiling test.c...
compiling iic.c...
linking...
Program Size: data=22.1 xdata=0 code=591
creating hex file from "test"...
"test" - 0 Error(s), 0 Warning(s).
Build target 'Target 1'
assembling STARTUP.A51...
compiling test.c...
compiling iic.c...
linking...
Program Size: data=22.1 xdata=0 code=591
creating hex file from "test"...
"test" - 0 Error(s), 0 Warning(s).
Build target 'Target 1'
assembling STARTUP.A51...
compiling test.c...
compiling iic.c...
linking...
Program Size: data=22.1 xdata=0 code=591
creating hex file from "test"...
"test" - 0 Error(s), 0 Warning(s).
Build target 'Target 1'
assembling STARTUP.A51...
compiling test.c...
compiling iic.c...
linking...
Program Size: data=22.1 xdata=0 code=591
creating hex file from "test"...
"test" - 0 Error(s), 0 Warning(s).
Build target 'Target 1'
assembling STARTUP.A51...
compiling test.c...
compiling iic.c...
linking...
Program Size: data=22.1 xdata=0 code=591
creating hex file from "test"...
"test" - 0 Error(s), 0 Warning(s).
Build target 'Target 1'
assembling STARTUP.A51...
compiling test.c...
compiling iic.c...
linking...
Program Size: data=22.1 xdata=0 code=591
creating hex file from "test"...
"test" - 0 Error(s), 0 Warning(s).
Build target 'Target 1'
assembling STARTUP.A51...
compiling test.c...
compiling iic.c...
linking...
Program Size: data=22.1 xdata=0 code=591
creating hex file from "test"...
"test" - 0 Error(s), 0 Warning(s).
Build target 'Target 1'
assembling STARTUP.A51...
compiling test.c...
compiling iic.c...
linking...
Program Size: data=22.1 xdata=0 code=591
creating hex file from "test"...
"test" - 0 Error(s), 0 Warning(s).
Build target 'Target 1'
assembling STARTUP.A51...
compiling test.c...
TEST.C(79): error C141: syntax error near 'a'
TEST.C(96): error C141: syntax error near 'while'
compiling iic.c...
Target not created
Build target 'Target 1'
assembling STARTUP.A51...
compiling test.c...
compiling iic.c...
linking...
Program Size: data=22.1 xdata=0 code=794
creating hex file from "test"...
"test" - 0 Error(s), 0 Warning(s).
Build target 'Target 1'
assembling STARTUP.A51...
compiling test.c...
compiling iic.c...
linking...
Program Size: data=22.1 xdata=0 code=794
creating hex file from "test"...
"test" - 0 Error(s), 0 Warning(s).
Build target 'Target 1'
assembling STARTUP.A51...
compiling test.c...
compiling iic.c...
linking...
Program Size: data=22.1 xdata=0 code=794
creating hex file from "test"...
"test" - 0 Error(s), 0 Warning(s).
Build target 'Target 1'
assembling STARTUP.A51...
compiling test.c...
compiling iic.c...
linking...
Program Size: data=22.1 xdata=0 code=794
creating hex file from "test"...
"test" - 0 Error(s), 0 Warning(s).
Build target 'Target 1'
assembling STARTUP.A51...
compiling test.c...
compiling iic.c...
linking...
Program Size: data=22.1 xdata=0 code=794
creating hex file from "test"...
"test" - 0 Error(s), 0 Warning(s).
Build target 'Target 1'
assembling STARTUP.A51...
compiling test.c...
compiling iic.c...
linking...
Program Size: data=22.1 xdata=0 code=794
creating hex file from "test"...
"test" - 0 Error(s), 0 Warning(s).
Build target 'Target 1'
assembling STARTUP.A51...
compiling test.c...
compiling iic.c...
linking...
Program Size: data=22.1 xdata=0 code=794
creating hex file from "test"...
"test" - 0 Error(s), 0 Warning(s).
Build target 'Target 1'
assembling STARTUP.A51...
compiling test.c...
TEST.C(64): error C141: syntax error near 'unsigned'
TEST.C(64): error C202: 'Data': undefined identifier
TEST.C(72): error C202: 'Data': undefined identifier
TEST.C(75): error C202: 'Data': undefined identifier
compiling iic.c...
Target not created
Build target 'Target 1'
assembling STARTUP.A51...
compiling test.c...
compiling iic.c...
linking...
Program Size: data=22.1 xdata=0 code=801
creating hex file from "test"...
"test" - 0 Error(s), 0 Warning(s).
Build target 'Target 1'
assembling STARTUP.A51...
compiling test.c...
TEST.C(43): warning C206: '_nop_': missing function-prototype
TEST.C(43): error C264: intrinsic '_nop_': declaration/activation error
compiling iic.c...
Target not created
Build target 'Target 1'
assembling STARTUP.A51...
compiling test.c...
TEST.C(43): warning C206: '_nop_': missing function-prototype
TEST.C(43): error C264: intrinsic '_nop_': declaration/activation error
compiling iic.c...
Target not created
Build target 'Target 1'
assembling STARTUP.A51...
compiling test.c...
compiling iic.c...
linking...
Program Size: data=22.1 xdata=0 code=801
creating hex file from "test"...
"test" - 0 Error(s), 0 Warning(s).
Build target 'Target 1'
assembling STARTUP.A51...
compiling test.c...
TEST.C(91): error C202: 'key_press': undefined identifier
TEST.C(93): error C202: 'key_press': undefined identifier
TEST.C(95): error C202: 'key_press': undefined identifier
TEST.C(122): error C172: 'case': missing enclosing switch
TEST.C(125): error C172: 'case': missing enclosing switch
TEST.C(128): error C172: 'case': missing enclosing switch
compiling iic.c...
Target not created
Build target 'Target 1'
assembling STARTUP.A51...
compiling test.c...
TEST.C(91): error C202: 'key_press': undefined identifier
TEST.C(93): error C202: 'key_press': undefined identifier
TEST.C(95): error C202: 'key_press': undefined identifier
compiling iic.c...
Target not created
Build target 'Target 1'
assembling STARTUP.A51...
compiling test.c...
compiling iic.c...
linking...
*** WARNING L16: UNCALLED SEGMENT, IGNORED FOR OVERLAY PROCESS
    SEGMENT: ?PR?_EEPROM_WRITE?TEST
*** WARNING L16: UNCALLED SEGMENT, IGNORED FOR OVERLAY PROCESS
    SEGMENT: ?PR?_EEPROM_READ?TEST
Program Size: data=28.2 xdata=0 code=894
creating hex file from "test"...
"test" - 0 Error(s), 2 Warning(s).
Build target 'Target 1'
assembling STARTUP.A51...
compiling test.c...
compiling iic.c...
linking...
*** WARNING L16: UNCALLED SEGMENT, IGNORED FOR OVERLAY PROCESS
    SEGMENT: ?PR?_EEPROM_WRITE?TEST
*** WARNING L16: UNCALLED SEGMENT, IGNORED FOR OVERLAY PROCESS
    SEGMENT: ?PR?_EEPROM_READ?TEST
Program Size: data=28.2 xdata=0 code=900
creating hex file from "test"...
"test" - 0 Error(s), 2 Warning(s).
Build target 'Target 1'
assembling STARTUP.A51...
compiling test.c...
compiling iic.c...
linking...
*** WARNING L16: UNCALLED SEGMENT, IGNORED FOR OVERLAY PROCESS
    SEGMENT: ?PR?_EEPROM_WRITE?TEST
*** WARNING L16: UNCALLED SEGMENT, IGNORED FOR OVERLAY PROCESS
    SEGMENT: ?PR?_EEPROM_READ?TEST
Program Size: data=28.2 xdata=0 code=900
creating hex file from "test"...
"test" - 0 Error(s), 2 Warning(s).
Build target 'Target 1'
assembling STARTUP.A51...
compiling test.c...
compiling iic.c...
linking...
*** WARNING L16: UNCALLED SEGMENT, IGNORED FOR OVERLAY PROCESS
    SEGMENT: ?PR?_EEPROM_WRITE?TEST
*** WARNING L16: UNCALLED SEGMENT, IGNORED FOR OVERLAY PROCESS
    SEGMENT: ?PR?_EEPROM_READ?TEST
Program Size: data=28.2 xdata=0 code=900
creating hex file from "test"...
"test" - 0 Error(s), 2 Warning(s).
Build target 'Target 1'
assembling STARTUP.A51...
compiling test.c...
compiling iic.c...
linking...
*** WARNING L16: UNCALLED SEGMENT, IGNORED FOR OVERLAY PROCESS
    SEGMENT: ?PR?_EEPROM_WRITE?TEST
*** WARNING L16: UNCALLED SEGMENT, IGNORED FOR OVERLAY PROCESS
    SEGMENT: ?PR?_EEPROM_READ?TEST
Program Size: data=28.2 xdata=0 code=894
creating hex file from "test"...
"test" - 0 Error(s), 2 Warning(s).
Build target 'Target 1'
assembling STARTUP.A51...
compiling test.c...
compiling iic.c...
linking...
*** WARNING L16: UNCALLED SEGMENT, IGNORED FOR OVERLAY PROCESS
    SEGMENT: ?PR?_EEPROM_WRITE?TEST
*** WARNING L16: UNCALLED SEGMENT, IGNORED FOR OVERLAY PROCESS
    SEGMENT: ?PR?_EEPROM_READ?TEST
Program Size: data=28.2 xdata=0 code=894
creating hex file from "test"...
"test" - 0 Error(s), 2 Warning(s).
Build target 'Target 1'
assembling STARTUP.A51...
compiling test.c...
TEST.C(111): error C202: 'TX': undefined identifier
TEST.C(113): error C202: 'TX': undefined identifier
TEST.C(129): error C183: unmodifiable lvalue
TEST.C(134): error C202: 't': undefined identifier
TEST.C(135): error C202: 't': undefined identifier
TEST.C(136): error C202: 't': undefined identifier
TEST.C(137): error C202: 't': undefined identifier
compiling iic.c...
Target not created
Build target 'Target 1'
assembling STARTUP.A51...
compiling test.c...
TEST.C(130): error C202: 'distance': undefined identifier
TEST.C(138): error C202: 'distance': undefined identifier
TEST.C(142): error C202: 'distance': undefined identifier
compiling iic.c...
Target not created
Build target 'Target 1'
assembling STARTUP.A51...
compiling test.c...
compiling iic.c...
linking...
*** WARNING L16: UNCALLED SEGMENT, IGNORED FOR OVERLAY PROCESS
    SEGMENT: ?PR?_EEPROM_WRITE?TEST
*** WARNING L16: UNCALLED SEGMENT, IGNORED FOR OVERLAY PROCESS
    SEGMENT: ?PR?_EEPROM_READ?TEST
*** WARNING L16: UNCALLED SEGMENT, IGNORED FOR OVERLAY PROCESS
    SEGMENT: ?PR?DIST?TEST
Program Size: data=28.2 xdata=0 code=1476
creating hex file from "test"...
"test" - 0 Error(s), 3 Warning(s).
Build target 'Target 1'
assembling STARTUP.A51...
compiling test.c...
TEST.C(164): error C213: left side of asn-op not an lvalue
compiling iic.c...
Target not created
Build target 'Target 1'
assembling STARTUP.A51...
compiling test.c...
TEST.C(164): error C213: left side of asn-op not an lvalue
compiling iic.c...
Target not created
Build target 'Target 1'
assembling STARTUP.A51...
compiling test.c...
compiling iic.c...
linking...
*** WARNING L16: UNCALLED SEGMENT, IGNORED FOR OVERLAY PROCESS
    SEGMENT: ?PR?_EEPROM_WRITE?TEST
*** WARNING L16: UNCALLED SEGMENT, IGNORED FOR OVERLAY PROCESS
    SEGMENT: ?PR?_EEPROM_READ?TEST
Program Size: data=30.2 xdata=0 code=1510
creating hex file from "test"...
"test" - 0 Error(s), 2 Warning(s).
Build target 'Target 1'
assembling STARTUP.A51...
compiling test.c...
compiling iic.c...
linking...
*** WARNING L16: UNCALLED SEGMENT, IGNORED FOR OVERLAY PROCESS
    SEGMENT: ?PR?_EEPROM_WRITE?TEST
*** WARNING L16: UNCALLED SEGMENT, IGNORED FOR OVERLAY PROCESS
    SEGMENT: ?PR?_EEPROM_READ?TEST
Program Size: data=30.2 xdata=0 code=1509
creating hex file from "test"...
"test" - 0 Error(s), 2 Warning(s).
Build target 'Target 1'
assembling STARTUP.A51...
compiling test.c...
compiling iic.c...
linking...
*** WARNING L16: UNCALLED SEGMENT, IGNORED FOR OVERLAY PROCESS
    SEGMENT: ?PR?_EEPROM_WRITE?TEST
*** WARNING L16: UNCALLED SEGMENT, IGNORED FOR OVERLAY PROCESS
    SEGMENT: ?PR?_EEPROM_READ?TEST
Program Size: data=30.2 xdata=0 code=1515
creating hex file from "test"...
"test" - 0 Error(s), 2 Warning(s).
Build target 'Target 1'
assembling STARTUP.A51...
compiling test.c...
compiling iic.c...
linking...
*** WARNING L16: UNCALLED SEGMENT, IGNORED FOR OVERLAY PROCESS
    SEGMENT: ?PR?_EEPROM_WRITE?TEST
*** WARNING L16: UNCALLED SEGMENT, IGNORED FOR OVERLAY PROCESS
    SEGMENT: ?PR?_EEPROM_READ?TEST
*** WARNING L16: UNCALLED SEGMENT, IGNORED FOR OVERLAY PROCESS
    SEGMENT: ?PR?DIST?TEST
Program Size: data=30.2 xdata=0 code=1505
creating hex file from "test"...
"test" - 0 Error(s), 3 Warning(s).
Build target 'Target 1'
assembling STARTUP.A51...
compiling test.c...
compiling iic.c...
linking...
*** WARNING L16: UNCALLED SEGMENT, IGNORED FOR OVERLAY PROCESS
    SEGMENT: ?PR?_EEPROM_WRITE?TEST
*** WARNING L16: UNCALLED SEGMENT, IGNORED FOR OVERLAY PROCESS
    SEGMENT: ?PR?_EEPROM_READ?TEST
Program Size: data=30.2 xdata=0 code=1513
creating hex file from "test"...
"test" - 0 Error(s), 2 Warning(s).
Build target 'Target 1'
assembling STARTUP.A51...
compiling test.c...
compiling iic.c...
linking...
*** WARNING L16: UNCALLED SEGMENT, IGNORED FOR OVERLAY PROCESS
    SEGMENT: ?PR?_EEPROM_WRITE?TEST
*** WARNING L16: UNCALLED SEGMENT, IGNORED FOR OVERLAY PROCESS
    SEGMENT: ?PR?_EEPROM_READ?TEST
Program Size: data=30.2 xdata=0 code=1497
creating hex file from "test"...
"test" - 0 Error(s), 2 Warning(s).
Build target 'Target 1'
assembling STARTUP.A51...
compiling test.c...
compiling iic.c...
linking...
*** WARNING L16: UNCALLED SEGMENT, IGNORED FOR OVERLAY PROCESS
    SEGMENT: ?PR?_EEPROM_WRITE?TEST
*** WARNING L16: UNCALLED SEGMENT, IGNORED FOR OVERLAY PROCESS
    SEGMENT: ?PR?_EEPROM_READ?TEST
Program Size: data=30.2 xdata=0 code=1485
creating hex file from "test"...
"test" - 0 Error(s), 2 Warning(s).
Build target 'Target 1'
assembling STARTUP.A51...
compiling test.c...
TEST.C(178): warning C275: expression with possibly no effect
TEST.C(179): warning C275: expression with possibly no effect
TEST.C(193): warning C275: expression with possibly no effect
TEST.C(200): warning C275: expression with possibly no effect
compiling iic.c...
linking...
Program Size: data=32.1 xdata=0 code=1582
creating hex file from "test"...
"test" - 0 Error(s), 4 Warning(s).
Build target 'Target 1'
assembling STARTUP.A51...
compiling test.c...
TEST.C(178): warning C275: expression with possibly no effect
TEST.C(179): warning C275: expression with possibly no effect
TEST.C(193): warning C275: expression with possibly no effect
TEST.C(201): warning C275: expression with possibly no effect
compiling iic.c...
linking...
Program Size: data=32.1 xdata=0 code=1580
creating hex file from "test"...
"test" - 0 Error(s), 4 Warning(s).
Build target 'Target 1'
assembling STARTUP.A51...
compiling test.c...
TEST.C(171): error C141: syntax error near ','
compiling iic.c...
Target not created
Build target 'Target 1'
assembling STARTUP.A51...
compiling test.c...
TEST.C(180): warning C275: expression with possibly no effect
TEST.C(181): warning C275: expression with possibly no effect
TEST.C(195): warning C275: expression with possibly no effect
TEST.C(203): warning C275: expression with possibly no effect
compiling iic.c...
linking...
Program Size: data=32.1 xdata=0 code=1604
creating hex file from "test"...
"test" - 0 Error(s), 4 Warning(s).
Build target 'Target 1'
assembling STARTUP.A51...
compiling test.c...
TEST.C(180): warning C275: expression with possibly no effect
TEST.C(181): warning C275: expression with possibly no effect
TEST.C(195): warning C275: expression with possibly no effect
TEST.C(203): warning C275: expression with possibly no effect
compiling iic.c...
linking...
Program Size: data=33.1 xdata=0 code=1607
creating hex file from "test"...
"test" - 0 Error(s), 4 Warning(s).
Build target 'Target 1'
assembling STARTUP.A51...
compiling test.c...
TEST.C(180): warning C275: expression with possibly no effect
TEST.C(181): warning C275: expression with possibly no effect
TEST.C(195): warning C275: expression with possibly no effect
TEST.C(203): warning C275: expression with possibly no effect
compiling iic.c...
linking...
Program Size: data=33.1 xdata=0 code=1606
creating hex file from "test"...
"test" - 0 Error(s), 4 Warning(s).
Build target 'Target 1'
assembling STARTUP.A51...
compiling test.c...
compiling iic.c...
linking...
Program Size: data=33.1 xdata=0 code=1627
creating hex file from "test"...
"test" - 0 Error(s), 0 Warning(s).
Build target 'Target 1'
assembling STARTUP.A51...
compiling test.c...
compiling iic.c...
linking...
Program Size: data=33.1 xdata=0 code=1629
creating hex file from "test"...
"test" - 0 Error(s), 0 Warning(s).
Build target 'Target 1'
assembling STARTUP.A51...
compiling test.c...
TEST.C(183): error C141: syntax error near 'buf'
compiling iic.c...
Target not created
Build target 'Target 1'
assembling STARTUP.A51...
compiling test.c...
compiling iic.c...
linking...
Program Size: data=33.1 xdata=0 code=1657
creating hex file from "test"...
"test" - 0 Error(s), 0 Warning(s).
Build target 'Target 1'
assembling STARTUP.A51...
compiling test.c...
compiling iic.c...
linking...
Program Size: data=33.1 xdata=0 code=1663
creating hex file from "test"...
"test" - 0 Error(s), 0 Warning(s).
Build target 'Target 1'
assembling STARTUP.A51...
compiling test.c...
TEST.C(15): error C141: syntax error near 'sbit'
TEST.C(17): error C202: 'a': undefined identifier
compiling iic.c...
Target not created
Build target 'Target 1'
assembling STARTUP.A51...
compiling test.c...
compiling iic.c...
linking...
*** WARNING L16: UNCALLED SEGMENT, IGNORED FOR OVERLAY PROCESS
    SEGMENT: ?PR?_LED8?TEST
Program Size: data=33.1 xdata=0 code=1683
creating hex file from "test"...
"test" - 0 Error(s), 1 Warning(s).
Build target 'Target 1'
assembling STARTUP.A51...
compiling test.c...
compiling iic.c...
linking...
Program Size: data=33.1 xdata=0 code=1693
creating hex file from "test"...
"test" - 0 Error(s), 0 Warning(s).
Build target 'Target 1'
assembling STARTUP.A51...
compiling test.c...
compiling iic.c...
linking...
Program Size: data=33.1 xdata=0 code=1710
creating hex file from "test"...
"test" - 0 Error(s), 0 Warning(s).
Build target 'Target 1'
assembling STARTUP.A51...
compiling test.c...
compiling iic.c...
linking...
Program Size: data=33.1 xdata=0 code=1710
creating hex file from "test"...
"test" - 0 Error(s), 0 Warning(s).
Build target 'Target 1'
assembling STARTUP.A51...
compiling test.c...
compiling iic.c...
linking...
Program Size: data=33.1 xdata=0 code=1710
creating hex file from "test"...
"test" - 0 Error(s), 0 Warning(s).
Build target 'Target 1'
assembling STARTUP.A51...
compiling test.c...
compiling iic.c...
linking...
Program Size: data=33.1 xdata=0 code=1711
creating hex file from "test"...
"test" - 0 Error(s), 0 Warning(s).
Build target 'Target 1'
assembling STARTUP.A51...
compiling test.c...
compiling iic.c...
linking...
Program Size: data=33.1 xdata=0 code=1693
creating hex file from "test"...
"test" - 0 Error(s), 0 Warning(s).
Build target 'Target 1'
assembling STARTUP.A51...
compiling test.c...
compiling iic.c...
linking...
Program Size: data=33.1 xdata=0 code=1693
creating hex file from "test"...
"test" - 0 Error(s), 0 Warning(s).
Build target 'Target 1'
assembling STARTUP.A51...
compiling test.c...
compiling iic.c...
linking...
Program Size: data=34.1 xdata=0 code=1731
creating hex file from "test"...
"test" - 0 Error(s), 0 Warning(s).
Build target 'Target 1'
assembling STARTUP.A51...
compiling test.c...
compiling iic.c...
linking...
Program Size: data=35.1 xdata=0 code=1797
creating hex file from "test"...
"test" - 0 Error(s), 0 Warning(s).
Build target 'Target 1'
assembling STARTUP.A51...
compiling test.c...
compiling iic.c...
linking...
Program Size: data=35.1 xdata=0 code=1789
creating hex file from "test"...
"test" - 0 Error(s), 0 Warning(s).
Build target 'Target 1'
assembling STARTUP.A51...
compiling test.c...
TEST.C(152): error C141: syntax error near '['
compiling iic.c...
Target not created
Build target 'Target 1'
assembling STARTUP.A51...
compiling test.c...
TEST.C(152): error C141: syntax error near '['
compiling iic.c...
Target not created
Build target 'Target 1'
assembling STARTUP.A51...
compiling test.c...
compiling iic.c...
linking...
Program Size: data=39.1 xdata=0 code=1803
creating hex file from "test"...
"test" - 0 Error(s), 0 Warning(s).
Build target 'Target 1'
assembling STARTUP.A51...
compiling test.c...
compiling iic.c...
linking...
Program Size: data=39.1 xdata=0 code=1803
creating hex file from "test"...
"test" - 0 Error(s), 0 Warning(s).
Build target 'Target 1'
assembling STARTUP.A51...
compiling test.c...
compiling iic.c...
linking...
Program Size: data=39.1 xdata=0 code=1808
creating hex file from "test"...
"test" - 0 Error(s), 0 Warning(s).
Build target 'Target 1'
assembling STARTUP.A51...
compiling test.c...
compiling iic.c...
linking...
Program Size: data=39.1 xdata=0 code=1820
creating hex file from "test"...
"test" - 0 Error(s), 0 Warning(s).
Build target 'Target 1'
assembling STARTUP.A51...
compiling test.c...
TEST.C(200): error C141: syntax error near '||'
TEST.C(200): error C141: syntax error near '{'
compiling iic.c...
Target not created
Build target 'Target 1'
compiling test.c...
linking...
Program Size: data=39.1 xdata=0 code=1833
creating hex file from "test"...
"test" - 0 Error(s), 0 Warning(s).
Build target 'Target 1'
assembling STARTUP.A51...
compiling test.c...
compiling iic.c...
linking...
Program Size: data=39.1 xdata=0 code=1833
creating hex file from "test"...
"test" - 0 Error(s), 0 Warning(s).
Build target 'Target 1'
assembling STARTUP.A51...
compiling test.c...
compiling iic.c...
linking...
Program Size: data=39.1 xdata=0 code=1836
creating hex file from "test"...
"test" - 0 Error(s), 0 Warning(s).
Build target 'Target 1'
assembling STARTUP.A51...
compiling test.c...
compiling iic.c...
linking...
Program Size: data=40.1 xdata=0 code=1895
creating hex file from "test"...
"test" - 0 Error(s), 0 Warning(s).
